<?xml version="1.0" encoding="UTF-8"?>
<!-- Generated by org.testng.reporters.JUnitXMLReporter -->
<testsuite ignored="4" hostname="AdarshMP" failures="0" tests="2" name="class" time="0.162" errors="0" timestamp="2023-09-12T23:47:38 IST">
  <testcase classname="Generic_Utilities.BaseClass1" name="@BeforeClass beforeClass" time="-1.694542658357E9">
    <failure type="org.testng.TestNGException" message="
Parameter &amp;apos;BROWSER&amp;apos; is required by BeforeClass on method beforeClass but has not been marked @Optional or defined
in G:\selenium_workspace(G)\AdvanceSelenium\ListenerImptestng.xml">
      <![CDATA[org.testng.TestNGException: 
Parameter 'BROWSER' is required by BeforeClass on method beforeClass but has not been marked @Optional or defined
in G:\selenium_workspace(G)\AdvanceSelenium\ListenerImptestng.xml
at java.base/java.util.ArrayList.forEach(ArrayList.java:1511)
... Removed 22 stack frames]]>
    </failure>
  </testcase> <!-- @BeforeClass beforeClass -->
  <testcase classname="Generic_Utilities.BaseClass1" name="@BeforeMethod beforeMethod" time="0.0">
    <skipped/>
  </testcase> <!-- @BeforeMethod beforeMethod -->
  <testcase classname="Generic_Utilities.BaseClass1" name="@AfterMethod afterMethod" time="0.0">
    <skipped/>
  </testcase> <!-- @AfterMethod afterMethod -->
  <testcase classname="Generic_Utilities.BaseClass1" name="@AfterClass afterClass" time="0.0">
    <skipped/>
  </testcase> <!-- @AfterClass afterClass -->
  <testcase classname="Generic_Utilities.BaseClass1" name="@BeforeClass beforeClass" time="-1.694542658445E9">
    <failure type="org.testng.TestNGException" message="
Parameter &amp;apos;BROWSER&amp;apos; is required by BeforeClass on method beforeClass but has not been marked @Optional or defined
in G:\selenium_workspace(G)\AdvanceSelenium\ListenerImptestng.xml">
      <![CDATA[org.testng.TestNGException: 
Parameter 'BROWSER' is required by BeforeClass on method beforeClass but has not been marked @Optional or defined
in G:\selenium_workspace(G)\AdvanceSelenium\ListenerImptestng.xml
at java.base/java.util.ArrayList.forEach(ArrayList.java:1511)
... Removed 22 stack frames]]>
    </failure>
  </testcase> <!-- @BeforeClass beforeClass -->
  <testcase classname="Generic_Utilities.BaseClass1" name="@BeforeMethod beforeMethod" time="0.0">
    <skipped/>
  </testcase> <!-- @BeforeMethod beforeMethod -->
  <testcase classname="Generic_Utilities.BaseClass1" name="@AfterMethod afterMethod" time="0.0">
    <skipped/>
  </testcase> <!-- @AfterMethod afterMethod -->
  <testcase classname="Generic_Utilities.BaseClass1" name="@AfterClass afterClass" time="0.0">
    <skipped/>
  </testcase> <!-- @AfterClass afterClass -->
  <testcase classname="More_Campaigns.CreateCampaignTestNg" name="CreateCampaignTestNg" time="0.0">
    <skipped/>
  </testcase> <!-- CreateCampaignTestNg -->
  <testcase classname="Organization.CreateOrganizationTestNg" name="CreateOrganizationTestNg" time="0.0">
    <skipped/>
  </testcase> <!-- CreateOrganizationTestNg -->
  <testcase classname="Generic_Utilities.BaseClass1" name="@BeforeTest beforeTest" time="0.0">
    <ignored/>
  </testcase> <!-- @BeforeTest beforeTest -->
  <testcase classname="Generic_Utilities.BaseClass1" name="@AfterTest afterTest" time="0.0">
    <ignored/>
  </testcase> <!-- @AfterTest afterTest -->
  <testcase classname="Generic_Utilities.BaseClass1" name="@AfterSuite afterSuite" time="0.0">
    <ignored/>
  </testcase> <!-- @AfterSuite afterSuite -->
  <testcase classname="Generic_Utilities.BaseClass1" name="@BeforeSuite beforeSuite" time="0.0">
    <ignored/>
  </testcase> <!-- @BeforeSuite beforeSuite -->
</testsuite> <!-- class -->
