<?xml version="1.0" encoding="UTF-8"?>
<!-- Generated by org.testng.reporters.JUnitXMLReporter -->
<testsuite ignored="0" hostname="AdarshMP" failures="1" tests="4" name="Test2" time="39.449" errors="0" timestamp="2023-09-14T03:11:16 IST">
  <testcase classname="More_Campaigns.CreateCampaignTestNg2" name="CreateCampaignTestNg2" time="0.524">
    <skipped/>
  </testcase> <!-- CreateCampaignTestNg2 -->
  <testcase classname="More_Campaigns.CreateCampaignTestNg2" name="CreateCampaignTestNg2" time="5.594">
    <skipped/>
  </testcase> <!-- CreateCampaignTestNg2 -->
  <testcase classname="More_Campaigns.CreateCampaignTestNg2" name="CreateCampaignTestNg2" time="5.386">
    <skipped/>
  </testcase> <!-- CreateCampaignTestNg2 -->
  <testcase classname="More_Campaigns.CreateCampaignTestNg2" name="CreateCampaignTestNg2" time="5.587">
    <failure type="java.lang.AssertionError" message="expected [true] but found [false]">
      <![CDATA[java.lang.AssertionError: expected [true] but found [false]
at More_Campaigns.CreateCampaignTestNg2.CreateCampaignTestNg2(CreateCampaignTestNg2.java:34)
at java.base/java.util.concurrent.ThreadPoolExecutor.runWorker(ThreadPoolExecutor.java:1130)
at java.base/java.util.concurrent.ThreadPoolExecutor$Worker.run(ThreadPoolExecutor.java:630)
at java.base/java.lang.Thread.run(Thread.java:831)
... Removed 19 stack frames]]>
    </failure>
  </testcase> <!-- CreateCampaignTestNg2 -->
</testsuite> <!-- Test2 -->
